<?xml version="1.0" encoding="UTF-8"?>
<testng-results skipped="0" failed="0" total="1" passed="1">
  <reporter-output>
  </reporter-output>
  <suite name="Suite1" duration-ms="23783" started-at="2017-08-09T12:59:57Z" finished-at="2017-08-09T13:00:21Z">
    <groups>
    </groups>
    <test name="My Account: Create Account" duration-ms="23783" started-at="2017-08-09T12:59:57Z" finished-at="2017-08-09T13:00:21Z">
      <class name="Utility.Base">
        <test-method status="PASS" signature="extentSetup(org.testng.ITestContext)[pri:0, instance:Utility.Base@59ec2012]" name="extentSetup" is-config="true" duration-ms="382" started-at="2017-08-09T18:29:57Z" finished-at="2017-08-09T18:29:57Z">
          <params>
            <param index="0">
              <value>
                <![CDATA[org.testng.TestRunner@77d2e85]]>
              </value>
            </param>
          </params>
          <reporter-output>
          </reporter-output>
        </test-method> <!-- extentSetup -->
        <test-method status="PASS" signature="generateReport()[pri:0, instance:Utility.Base@59ec2012]" name="generateReport" is-config="true" duration-ms="47" started-at="2017-08-09T18:30:21Z" finished-at="2017-08-09T18:30:21Z">
          <reporter-output>
          </reporter-output>
        </test-method> <!-- generateReport -->
      </class> <!-- Utility.Base -->
      <class name="Sikuli_TestCases.MyAccount_Page_UI">
        <test-method status="PASS" signature="initializeTestBaseSetup(java.lang.reflect.Method)[pri:0, instance:Sikuli_TestCases.MyAccount_Page_UI@7085bdee]" name="initializeTestBaseSetup" is-config="true" duration-ms="11030" started-at="2017-08-09T18:29:57Z" finished-at="2017-08-09T18:30:08Z">
          <params>
            <param index="0">
              <value>
                <![CDATA[public void Sikuli_TestCases.MyAccount_Page_UI.MyAccountGUI() throws org.sikuli.script.FindFailed,java.lang.InterruptedException,java.awt.AWTException]]>
              </value>
            </param>
          </params>
          <reporter-output>
          </reporter-output>
        </test-method> <!-- initializeTestBaseSetup -->
        <test-method status="PASS" signature="MyAccountGUI()[pri:0, instance:Sikuli_TestCases.MyAccount_Page_UI@7085bdee]" name="MyAccountGUI" duration-ms="11395" started-at="2017-08-09T18:30:08Z" finished-at="2017-08-09T18:30:20Z">
          <reporter-output>
          </reporter-output>
        </test-method> <!-- MyAccountGUI -->
        <test-method status="PASS" signature="afterEachTestMethod(org.testng.ITestResult)[pri:0, instance:Sikuli_TestCases.MyAccount_Page_UI@7085bdee]" name="afterEachTestMethod" is-config="true" duration-ms="1343" started-at="2017-08-09T18:30:20Z" finished-at="2017-08-09T18:30:21Z">
          <params>
            <param index="0">
              <value>
                <![CDATA[[TestResult name=MyAccountGUI status=SUCCESS method=MyAccount_Page_UI.MyAccountGUI()[pri:0, instance:Sikuli_TestCases.MyAccount_Page_UI@7085bdee] output={null}]]]>
              </value>
            </param>
          </params>
          <reporter-output>
          </reporter-output>
        </test-method> <!-- afterEachTestMethod -->
      </class> <!-- Sikuli_TestCases.MyAccount_Page_UI -->
    </test> <!-- My Account: Create Account -->
  </suite> <!-- Suite1 -->
</testng-results>
