-------------------------------------------------------------------------------
Test set: TestSuite
-------------------------------------------------------------------------------
Tests run: 1, Failures: 1, Errors: 0, Skipped: 0, Time elapsed: 0.865 s <<< FAILURE! - in TestSuite
generateReport(Utility.Base)  Time elapsed: 0.797 s  <<< FAILURE!
java.lang.NullPointerException
	at Utility.Base.generateReport(Base.java:146)

