<?xml version="1.0" encoding="UTF-8"?>
<!-- Generated by org.testng.reporters.JUnitXMLReporter -->
<testsuite hostname="WV652" name="16035_chrome" tests="1" failures="1" timestamp="26 May 2017 08:28:52 GMT" time="0.079" errors="0">
  <testcase name="meinKonto_Wunschzettel_Warenkorb_16035" time="0.076" classname="TestCases.TestScript_16035">
    <failure type="java.lang.NullPointerException">
      <![CDATA[java.lang.NullPointerException
	at Utility.util.guiMatchFind(util.java:317)
	at TestCases.TestScript_16035.meinKonto_Wunschzettel_Warenkorb_16035(TestScript_16035.java:22)
... Removed 24 stack frames]]>
    </failure>
  </testcase> <!-- meinKonto_Wunschzettel_Warenkorb_16035 -->
</testsuite> <!-- 16035_chrome -->
